<?xml version="1.0" encoding="UTF-8"?>
<testng-results skipped="0" failed="1" ignored="0" total="3" passed="2">
  <reporter-output>
    <line>
      <![CDATA[Title is matching...]]>
    </line>
    <line>
      <![CDATA[Matching title = actiTIME - Login]]>
    </line>
    <line>
      <![CDATA[User name = admin]]>
    </line>
    <line>
      <![CDATA[Password = dmager]]>
    </line>
    <line>
      <![CDATA[Element is present....]]>
    </line>
    <line>
      <![CDATA[-------------------------------------]]>
    </line>
    <line>
      <![CDATA[User name = admin]]>
    </line>
    <line>
      <![CDATA[Password = 123]]>
    </line>
    <line>
      <![CDATA[Element is present....]]>
    </line>
    <line>
      <![CDATA[-------------------------------------]]>
    </line>
    <line>
      <![CDATA[User name = !@]]>
    </line>
    <line>
      <![CDATA[Password = #$]]>
    </line>
    <line>
      <![CDATA[Element is present....]]>
    </line>
    <line>
      <![CDATA[-------------------------------------]]>
    </line>
    <line>
      <![CDATA[User name = admins]]>
    </line>
    <line>
      <![CDATA[Password = manager]]>
    </line>
    <line>
      <![CDATA[Element is present....]]>
    </line>
    <line>
      <![CDATA[-------------------------------------]]>
    </line>
    <line>
      <![CDATA[Title is matching...]]>
    </line>
    <line>
      <![CDATA[Matching title = actiTIME - Login]]>
    </line>
    <line>
      <![CDATA[Title is matching...]]>
    </line>
    <line>
      <![CDATA[Matching title = actiTIME - Enter Time-Track]]>
    </line>
    <line>
      <![CDATA[Title is matching...]]>
    </line>
    <line>
      <![CDATA[Matching title = actiTIME - Login]]>
    </line>
    <line>
      <![CDATA[Title is matching...]]>
    </line>
    <line>
      <![CDATA[Matching title = actiTIME - Login]]>
    </line>
    <line>
      <![CDATA[Element is present....]]>
    </line>
    <line>
      <![CDATA[Actual version = actiTIME 2020 Online]]>
    </line>
  </reporter-output>
  <suite name="Suite" duration-ms="41971" started-at="2021-03-19T13:08:11 IST" finished-at="2021-03-19T13:08:53 IST">
    <groups>
    </groups>
    <test name="Test" duration-ms="41971" started-at="2021-03-19T13:08:11 IST" finished-at="2021-03-19T13:08:53 IST">
      <class name="com_ActiTime_Test.InvalidLoginTest">
        <test-method status="PASS" signature="precondition()[pri:0, instance:com_ActiTime_Test.InvalidLoginTest@4590c9c3]" name="precondition" is-config="true" duration-ms="13299" started-at="2021-03-19T13:08:11 IST" finished-at="2021-03-19T13:08:25 IST">
          <reporter-output>
          </reporter-output>
        </test-method> <!-- precondition -->
        <test-method status="PASS" signature="invalidLogin()[pri:2, instance:com_ActiTime_Test.InvalidLoginTest@4590c9c3]" name="invalidLogin" duration-ms="6942" started-at="2021-03-19T13:08:25 IST" finished-at="2021-03-19T13:08:32 IST">
          <reporter-output>
            <line>
              <![CDATA[Title is matching...]]>
            </line>
            <line>
              <![CDATA[Matching title = actiTIME - Login]]>
            </line>
            <line>
              <![CDATA[User name = admin]]>
            </line>
            <line>
              <![CDATA[Password = dmager]]>
            </line>
            <line>
              <![CDATA[Element is present....]]>
            </line>
            <line>
              <![CDATA[-------------------------------------]]>
            </line>
            <line>
              <![CDATA[User name = admin]]>
            </line>
            <line>
              <![CDATA[Password = 123]]>
            </line>
            <line>
              <![CDATA[Element is present....]]>
            </line>
            <line>
              <![CDATA[-------------------------------------]]>
            </line>
            <line>
              <![CDATA[User name = !@]]>
            </line>
            <line>
              <![CDATA[Password = #$]]>
            </line>
            <line>
              <![CDATA[Element is present....]]>
            </line>
            <line>
              <![CDATA[-------------------------------------]]>
            </line>
            <line>
              <![CDATA[User name = admins]]>
            </line>
            <line>
              <![CDATA[Password = manager]]>
            </line>
            <line>
              <![CDATA[Element is present....]]>
            </line>
            <line>
              <![CDATA[-------------------------------------]]>
            </line>
          </reporter-output>
        </test-method> <!-- invalidLogin -->
        <test-method status="PASS" signature="postcondition(org.testng.ITestResult)[pri:0, instance:com_ActiTime_Test.InvalidLoginTest@4590c9c3]" name="postcondition" is-config="true" duration-ms="85" started-at="2021-03-19T13:08:32 IST" finished-at="2021-03-19T13:08:32 IST">
          <params>
            <param index="0">
              <value>
                <![CDATA[[TestResult name=invalidLogin status=SUCCESS method=InvalidLoginTest.invalidLogin()[pri:2, instance:com_ActiTime_Test.InvalidLoginTest@4590c9c3] output=Title is matching...]]]>
              </value>
            </param>
          </params>
          <reporter-output>
          </reporter-output>
        </test-method> <!-- postcondition -->
      </class> <!-- com_ActiTime_Test.InvalidLoginTest -->
      <class name="com_ActiTime_Test.VerifyversionTest">
        <test-method status="PASS" signature="precondition()[pri:0, instance:com_ActiTime_Test.VerifyversionTest@5056dfcb]" name="precondition" is-config="true" duration-ms="8797" started-at="2021-03-19T13:08:44 IST" finished-at="2021-03-19T13:08:53 IST">
          <reporter-output>
          </reporter-output>
        </test-method> <!-- precondition -->
        <test-method status="FAIL" signature="verifyVersion()[pri:3, instance:com_ActiTime_Test.VerifyversionTest@5056dfcb]" name="verifyVersion" duration-ms="124" started-at="2021-03-19T13:08:53 IST" finished-at="2021-03-19T13:08:53 IST">
          <exception class="java.lang.AssertionError">
            <message>
              <![CDATA[The following asserts failed:
expected [actiTIME 2020] but found [actiTIME 2020 Online]]]>
            </message>
            <full-stacktrace>
              <![CDATA[java.lang.AssertionError: The following asserts failed:
expected [actiTIME 2020] but found [actiTIME 2020 Online]
at org.testng.asserts.SoftAssert.assertAll(SoftAssert.java:47)
at org.testng.asserts.SoftAssert.assertAll(SoftAssert.java:31)
at com_ActiTime_Test.VerifyversionTest.verifyVersion(VerifyversionTest.java:26)
at sun.reflect.NativeMethodAccessorImpl.invoke0(Native Method)
at sun.reflect.NativeMethodAccessorImpl.invoke(Unknown Source)
at sun.reflect.DelegatingMethodAccessorImpl.invoke(Unknown Source)
at java.lang.reflect.Method.invoke(Unknown Source)
at org.testng.internal.MethodInvocationHelper.invokeMethod(MethodInvocationHelper.java:133)
at org.testng.internal.TestInvoker.invokeMethod(TestInvoker.java:584)
at org.testng.internal.TestInvoker.invokeTestMethod(TestInvoker.java:172)
at org.testng.internal.MethodRunner.runInSequence(MethodRunner.java:46)
at org.testng.internal.TestInvoker$MethodInvocationAgent.invoke(TestInvoker.java:804)
at org.testng.internal.TestInvoker.invokeTestMethods(TestInvoker.java:145)
at org.testng.internal.TestMethodWorker.invokeTestMethods(TestMethodWorker.java:146)
at org.testng.internal.TestMethodWorker.run(TestMethodWorker.java:128)
at java.util.ArrayList.forEach(Unknown Source)
at org.testng.TestRunner.privateRun(TestRunner.java:770)
at org.testng.TestRunner.run(TestRunner.java:591)
at org.testng.SuiteRunner.runTest(SuiteRunner.java:402)
at org.testng.SuiteRunner.runSequentially(SuiteRunner.java:396)
at org.testng.SuiteRunner.privateRun(SuiteRunner.java:355)
at org.testng.SuiteRunner.run(SuiteRunner.java:304)
at org.testng.SuiteRunnerWorker.runSuite(SuiteRunnerWorker.java:53)
at org.testng.SuiteRunnerWorker.run(SuiteRunnerWorker.java:96)
at org.testng.TestNG.runSuitesSequentially(TestNG.java:1180)
at org.testng.TestNG.runSuitesLocally(TestNG.java:1102)
at org.testng.TestNG.runSuites(TestNG.java:1032)
at org.testng.TestNG.run(TestNG.java:1000)
at org.testng.TestNG.privateMain(TestNG.java:1326)
at org.testng.TestNG.main(TestNG.java:1294)
]]>
            </full-stacktrace>
          </exception> <!-- java.lang.AssertionError -->
          <reporter-output>
            <line>
              <![CDATA[Title is matching...]]>
            </line>
            <line>
              <![CDATA[Matching title = actiTIME - Login]]>
            </line>
            <line>
              <![CDATA[Element is present....]]>
            </line>
            <line>
              <![CDATA[Actual version = actiTIME 2020 Online]]>
            </line>
          </reporter-output>
        </test-method> <!-- verifyVersion -->
        <test-method status="PASS" signature="postcondition(org.testng.ITestResult)[pri:0, instance:com_ActiTime_Test.VerifyversionTest@5056dfcb]" name="postcondition" is-config="true" duration-ms="442" started-at="2021-03-19T13:08:53 IST" finished-at="2021-03-19T13:08:53 IST">
          <params>
            <param index="0">
              <value>
                <![CDATA[[TestResult name=verifyVersion status=FAILURE method=VerifyversionTest.verifyVersion()[pri:3, instance:com_ActiTime_Test.VerifyversionTest@5056dfcb] output=Title is matching...]]]>
              </value>
            </param>
          </params>
          <reporter-output>
          </reporter-output>
        </test-method> <!-- postcondition -->
      </class> <!-- com_ActiTime_Test.VerifyversionTest -->
      <class name="com_ActiTime_Test.ValidLoginLogoutTest">
        <test-method status="PASS" signature="precondition()[pri:0, instance:com_ActiTime_Test.ValidLoginLogoutTest@32e6e9c3]" name="precondition" is-config="true" duration-ms="7258" started-at="2021-03-19T13:08:32 IST" finished-at="2021-03-19T13:08:39 IST">
          <reporter-output>
          </reporter-output>
        </test-method> <!-- precondition -->
        <test-method status="PASS" signature="validLoginLogout()[pri:1, instance:com_ActiTime_Test.ValidLoginLogoutTest@32e6e9c3]" name="validLoginLogout" duration-ms="4941" started-at="2021-03-19T13:08:39 IST" finished-at="2021-03-19T13:08:44 IST">
          <reporter-output>
            <line>
              <![CDATA[Title is matching...]]>
            </line>
            <line>
              <![CDATA[Matching title = actiTIME - Login]]>
            </line>
            <line>
              <![CDATA[Title is matching...]]>
            </line>
            <line>
              <![CDATA[Matching title = actiTIME - Enter Time-Track]]>
            </line>
            <line>
              <![CDATA[Title is matching...]]>
            </line>
            <line>
              <![CDATA[Matching title = actiTIME - Login]]>
            </line>
          </reporter-output>
        </test-method> <!-- validLoginLogout -->
        <test-method status="PASS" signature="postcondition(org.testng.ITestResult)[pri:0, instance:com_ActiTime_Test.ValidLoginLogoutTest@32e6e9c3]" name="postcondition" is-config="true" duration-ms="61" started-at="2021-03-19T13:08:44 IST" finished-at="2021-03-19T13:08:44 IST">
          <params>
            <param index="0">
              <value>
                <![CDATA[[TestResult name=validLoginLogout status=SUCCESS method=ValidLoginLogoutTest.validLoginLogout()[pri:1, instance:com_ActiTime_Test.ValidLoginLogoutTest@32e6e9c3] output=Title is matching...]]]>
              </value>
            </param>
          </params>
          <reporter-output>
          </reporter-output>
        </test-method> <!-- postcondition -->
      </class> <!-- com_ActiTime_Test.ValidLoginLogoutTest -->
    </test> <!-- Test -->
  </suite> <!-- Suite -->
</testng-results>
